<?xml version="1.0" encoding="UTF-8"?>
<robot generator="Robot 5.0.1 (Python 3.9.13 on win32)" generated="20221108 20:33:49.750" rpa="true" schemaversion="3">
<suite id="s1" name="Tasks" source="d:\Sree\RoboCorp\Workspace Folder\RobotSpareBin\tasks.robot">
<test id="s1-t1" name="Order robots from RobotSpareBin Industries Inc" line="21">
<kw name="Create Directory" library="OperatingSystem">
<arg>${PDF_DIRECTORY}</arg>
<doc>Creates the specified directory.</doc>
<msg timestamp="20221108 20:33:53.397" level="INFO" html="true">Directory '&lt;a href="file://d:\Sree\RoboCorp\Workspace Folder\RobotSpareBin\output\temp"&gt;d:\Sree\RoboCorp\Workspace Folder\RobotSpareBin\output\temp&lt;/a&gt;' already exists.</msg>
<status status="PASS" starttime="20221108 20:33:53.396" endtime="20221108 20:33:53.397"/>
</kw>
<kw name="Create a ZIP file of the receipts">
<kw name="Set Variable" library="BuiltIn">
<var>${zip_file_name}</var>
<arg>${OUTPUT_DIR}/Output PDFs.zip</arg>
<doc>Returns the given values which can then be assigned to a variables.</doc>
<msg timestamp="20221108 20:33:53.397" level="INFO">${zip_file_name} = d:\Sree\RoboCorp\Workspace Folder\RobotSpareBin\output/Output PDFs.zip</msg>
<status status="PASS" starttime="20221108 20:33:53.397" endtime="20221108 20:33:53.397"/>
</kw>
<kw name="Archive Folder With Zip" library="RPA.Archive">
<arg>${PDF_DIRECTORY}</arg>
<arg>${zip_file_name}</arg>
<doc>Create a zip archive of a folder</doc>
<status status="PASS" starttime="20221108 20:33:53.398" endtime="20221108 20:33:53.424"/>
</kw>
<status status="PASS" starttime="20221108 20:33:53.397" endtime="20221108 20:33:53.425"/>
</kw>
<kw name="test">
<msg timestamp="20221108 20:33:53.432" level="FAIL">No keyword with name 'test' found.</msg>
<status status="FAIL" starttime="20221108 20:33:53.431" endtime="20221108 20:33:53.432"/>
</kw>
<kw name="Open the robot order website">
<status status="NOT RUN" starttime="20221108 20:33:53.432" endtime="20221108 20:33:53.432"/>
</kw>
<kw name="Get Orders">
<var>${orders}</var>
<status status="NOT RUN" starttime="20221108 20:33:53.432" endtime="20221108 20:33:53.432"/>
</kw>
<for flavor="IN">
<var>${row}</var>
<value>@{orders}</value>
<iter>
<var name="${row}"/>
<kw name="Close the annoying modal">
<status status="NOT RUN" starttime="20221108 20:33:53.433" endtime="20221108 20:33:53.433"/>
</kw>
<kw name="Fill the form">
<arg>${row}</arg>
<status status="NOT RUN" starttime="20221108 20:33:53.433" endtime="20221108 20:33:53.433"/>
</kw>
<kw name=" Preview the robot">
<status status="NOT RUN" starttime="20221108 20:33:53.433" endtime="20221108 20:33:53.433"/>
</kw>
<kw name="Wait Until Keyword Succeeds" library="BuiltIn">
<arg>3X</arg>
<arg>1</arg>
<arg>Submit the order</arg>
<doc>Runs the specified keyword and retries if it fails.</doc>
<status status="NOT RUN" starttime="20221108 20:33:53.433" endtime="20221108 20:33:53.433"/>
</kw>
<kw name="Store the receipt as a PDF file">
<var>${pdf}</var>
<arg>${row}[Order number]</arg>
<status status="NOT RUN" starttime="20221108 20:33:53.433" endtime="20221108 20:33:53.433"/>
</kw>
<kw name="Take a screenshot of the robot">
<var>${screenshot}</var>
<arg>${row}[Order number]</arg>
<status status="NOT RUN" starttime="20221108 20:33:53.433" endtime="20221108 20:33:53.433"/>
</kw>
<kw name="Embed the robot screenshot to the receipt PDF file">
<arg>${screenshot}</arg>
<arg>${pdf}</arg>
<status status="NOT RUN" starttime="20221108 20:33:53.433" endtime="20221108 20:33:53.434"/>
</kw>
<kw name="Go to order another robot">
<status status="NOT RUN" starttime="20221108 20:33:53.434" endtime="20221108 20:33:53.434"/>
</kw>
<status status="NOT RUN" starttime="20221108 20:33:53.432" endtime="20221108 20:33:53.434"/>
</iter>
<status status="NOT RUN" starttime="20221108 20:33:53.432" endtime="20221108 20:33:53.434"/>
</for>
<kw name="Close Browser" library="RPA.Browser">
<doc>Closes the current browser.</doc>
<status status="NOT RUN" starttime="20221108 20:33:53.434" endtime="20221108 20:33:53.434"/>
</kw>
<kw name="Create a ZIP file of the receipts">
<status status="NOT RUN" starttime="20221108 20:33:53.434" endtime="20221108 20:33:53.434"/>
</kw>
<status status="FAIL" starttime="20221108 20:33:53.396" endtime="20221108 20:33:53.434">No keyword with name 'test' found.</status>
</test>
<doc>Orders robots from RobotSpareBin Industries Inc.
Saves the order HTML receipt as a PDF file.
Saves the screenshot of the ordered robot.
Embeds the screenshot of the robot to the PDF receipt.
Creates ZIP archive of the receipts and the images.</doc>
<status status="FAIL" starttime="20221108 20:33:49.759" endtime="20221108 20:33:53.435"/>
</suite>
<statistics>
<total>
<stat pass="0" fail="1" skip="0">All Tasks</stat>
</total>
<tag>
</tag>
<suite>
<stat pass="0" fail="1" skip="0" id="s1" name="Tasks">Tasks</stat>
</suite>
</statistics>
<errors>
<msg timestamp="20221108 20:33:50.793" level="WARN">This is a deprecated import that will be removed in favor of RPA.Browser.Selenium</msg>
</errors>
</robot>
